/home/pkriachu/codroid/tools/patch.sh 1468500286555.apk local
/usr/bin/time -ap -o /home/pkriachu/codroid/www/downloads/1468500286555.time /home/pkriachu/codroid/package.sh /home/pkriachu/codroid/www/uploads/1468500286555.apk local
/home/pkriachu/codroid/package.sh /home/pkriachu/codroid/www/uploads/1468500286555.apk local
apktool d /home/pkriachu/codroid/www/uploads/1468500286555.apk
I: Using Apktool 2.1.1 on 1468500286555.apk
I: Loading resource table...
I: Decoding AndroidManifest.xml with resources...
I: Loading resource table from file: /var/www/apktool/framework/1.apk
I: Regular manifest package...
I: Decoding file-resources...
I: Decoding values */* XMLs...
I: Baksmaling classes.dex...
I: Copying assets and libs...
I: Copying unknown files...
I: Copying original files...
Build apk with local writer ...
# enable source code dump to /tmp/cc
# enable metadata output to /home/pkriachu/codroid/www/uploads/1468500286555.meta
# write source codes to /tmp/1468500286555/codroid.smali
# 1468502008.817035(+0.000) scanning directory [/tmp/1468500286555/]
# 1468502008.819881(+0.003) 532 file(s) found
# 1468502009.132163(+0.312) 532/532 classes; 4038 methods loaded
# 1468502009.190551(+0.058) callgraph built
# 1468502009.268791(+0.078) blocks scanned
# 1468502009.285287(+0.016) 807 blocks removed
# 1468502009.295301(+0.010) blocks optimized
# 1468502009.383278(+0.088) block id assigned (max = 9454)
# 1468502009.435473(+0.052) source code dumped (/tmp/cc)
# 1468502009.643289(+0.208) block meta data written (/home/pkriachu/codroid/www/uploads/1468500286555.meta, 1085728 bytes)
# 1468502009.765307(+0.122) 532 smali files written
# 1468502009.765332(+0.000) done.
I: Using Apktool 2.1.1
I: Checking whether sources has changed...
I: Smaling smali folder into classes.dex...
I: Checking whether resources has changed...
I: Building resources...
I: Building apk file...
I: Copying unknown files/dir...
Generating 2,048 bit RSA key pair and self-signed certificate (SHA256withRSA) with a validity of 20,000 days
	for: CN=codroid.org, OU=ID, O=CoDroid, L=Android, ST=CoDroid, C=TW
[Storing /tmp/debug.keystore]
   adding: META-INF/MANIFEST.MF
   adding: META-INF/ANDROID.SF
   adding: META-INF/ANDROID.RSA
  signing: AndroidManifest.xml
  signing: assets/2048/CONTRIBUTING.md
  signing: assets/2048/LICENSE.txt
  signing: assets/2048/README.md
  signing: assets/2048/Rakefile
  signing: assets/2048/favicon.ico
  signing: assets/2048/index.html
  signing: assets/2048/js/animframe_polyfill.js
  signing: assets/2048/js/application.js
  signing: assets/2048/js/bind_polyfill.js
  signing: assets/2048/js/classlist_polyfill.js
  signing: assets/2048/js/game_manager.js
  signing: assets/2048/js/grid.js
  signing: assets/2048/js/html_actuator.js
  signing: assets/2048/js/keyboard_input_manager.js
  signing: assets/2048/js/local_storage_manager.js
  signing: assets/2048/js/tile.js
  signing: assets/2048/meta/apple-touch-icon.png
  signing: assets/2048/style/fonts/ClearSans-Bold-webfont.eot
  signing: assets/2048/style/fonts/ClearSans-Bold-webfont.svg
  signing: assets/2048/style/fonts/ClearSans-Bold-webfont.woff
  signing: assets/2048/style/fonts/ClearSans-Light-webfont.eot
  signing: assets/2048/style/fonts/ClearSans-Light-webfont.svg
  signing: assets/2048/style/fonts/ClearSans-Light-webfont.woff
  signing: assets/2048/style/fonts/ClearSans-Regular-webfont.eot
  signing: assets/2048/style/fonts/ClearSans-Regular-webfont.svg
  signing: assets/2048/style/fonts/ClearSans-Regular-webfont.woff
  signing: assets/2048/style/fonts/clear-sans.css
  signing: assets/2048/style/helpers.scss
  signing: assets/2048/style/main.css
  signing: assets/2048/style/main.scss
  signing: classes.dex
  signing: res/drawable-hdpi-v4/ic_launcher.png
  signing: res/drawable-mdpi-v4/ic_launcher.png
  signing: res/drawable-xhdpi-v4/ic_launcher.png
  signing: res/drawable-xxhdpi-v4/ic_launcher.png
  signing: res/layout/activity_main.xml
  signing: res/menu/main.xml
  signing: resources.arsc
jar signed.

Warning: 
No -tsa or -tsacert is provided and this jar is not timestamped. Without a timestamp, users may not be able to validate this jar after the signer certificate's expiration date (2071-04-17) or after any future revocation date.
